TN:
SF:src/index.js
FN:21,(anonymous_0)
FN:31,(anonymous_1)
FN:39,(anonymous_2)
FN:43,(anonymous_3)
FN:53,(anonymous_4)
FN:78,(anonymous_5)
FN:79,(anonymous_6)
FN:81,(anonymous_7)
FN:105,(anonymous_8)
FN:117,(anonymous_9)
FN:163,(anonymous_10)
FNF:11
FNH:11
FNDA:2,(anonymous_0)
FNDA:2,(anonymous_1)
FNDA:346278,(anonymous_2)
FNDA:2,(anonymous_3)
FNDA:346280,(anonymous_4)
FNDA:2,(anonymous_5)
FNDA:2,(anonymous_6)
FNDA:346278,(anonymous_7)
FNDA:2,(anonymous_8)
FNDA:1,(anonymous_9)
FNDA:18,(anonymous_10)
DA:22,2
DA:23,2
DA:32,2
DA:33,2
DA:34,2
DA:39,2
DA:40,346278
DA:43,2
DA:44,2
DA:54,346280
DA:55,346280
DA:58,346280
DA:59,9003280
DA:60,9003280
DA:63,346280
DA:65,346280
DA:66,3144174
DA:67,3144174
DA:70,346280
DA:79,2
DA:80,2
DA:82,346278
DA:83,346278
DA:84,346278
DA:87,346278
DA:88,9003228
DA:89,9003228
DA:92,9003228
DA:93,1315394
DA:95,9003228
DA:96,9003228
DA:100,346278
DA:101,313332
DA:103,346278
DA:106,2
DA:118,1
DA:119,1
DA:120,1
DA:121,1
DA:124,1
DA:125,26
DA:126,26
DA:127,26
DA:128,26
DA:131,26
DA:132,40
DA:133,40
DA:136,40
DA:137,50
DA:138,44
DA:140,50
DA:142,40
DA:144,26
DA:145,26
DA:148,1
DA:149,1
DA:152,1
DA:153,5
DA:155,5
DA:156,8
DA:157,8
DA:159,5
DA:163,18
LF:63
LH:63
BRDA:92,0,0,1315394
BRDA:92,0,1,7687834
BRDA:100,1,0,313332
BRDA:100,1,1,32946
BRDA:137,2,0,44
BRDA:137,2,1,6
BRF:6
BRH:6
end_of_record
